2020-03-11 14:16:01.993860-0700  localhost homed[74]: (HomeKitDaemon) [com.apple.HomeKit:default] Submitted log event <HMDRemoteMessageLogEvent>
2020-03-11 14:16:07.993860-0700  localhost homed[74]: (HomeKitDaemon) [com.apple.HomeKit:default] Received ping (15658AD2A09F)
2020-03-11 14:16:42.993860-0700  localhost homed[74]: (HomeKitDaemon) [com.apple.HomeKit:default] Submitted log event <HMDRemoteMessageLogEvent>
2020-03-11 14:16:42.994093-0700  localhost homed[74]: (HomeKitDaemon) [com.apple.HomeKit:default] [AWD] MessageTransported -- message kPingInternalRequestKey sent over HomeKitMessageTransportType_LoXY as HomeKitMessageType_Request
2020-03-11 14:16:42.994374-0700  localhost homed[74]: (HomeKitDaemon) [com.apple.HomeKit:RemoteMessaging.HTTP] [474323AD-CE75-5E8A-B199-76199992C780] Sending message
2020-03-11 14:17:48.816285-0700  localhost homed[74]: (HomeKitDaemon) [com.apple.HomeKit:RemoteMessaging.HTTP] [474323AD-CE75-5E8A-B199-76199992C780] Successfully sent message with identifier: 1DA19AD0-6D50-493F-B9C8-0359A5A90093
2020-03-11 14:17:55.755113-0700  localhost homed[74]: (HMFoundation) [com.apple.HomeKit:default] Creating transaction '<OS_os_transaction: os-state-hmgr3262AE9A-2E8B-4B8C-BE39-5D6FD55B5E39>'
2020-03-11 14:17:55.968138-0700  localhost homed[74]: (HMFoundation) [com.apple.HomeKit:default] Creating transaction '<OS_os_transaction: com.apple.homed.hmdutil.encode-incoming-xpc.FEA5F62A-243B-4CB2-A760-6DA0E8270759>'
2020-03-11 14:17:55.968499-0700  localhost homed[74]: (HMFoundation) [com.apple.HomeKit:default] Completed transaction '<OS_os_transaction: com.apple.homed.hmdutil.encode-incoming-xpc.FEA5F62A-243B-4CB2-A760-6DA0E8270759>' - held for 0.000s
2020-03-11 14:17:55.968694-0700  localhost homed[74]: (HMFoundation) [com.apple.HomeKit:default] Creating transaction '<OS_os_transaction: com.apple.homed.hmdutil.encode-incoming-xpc.6AEBE247-E95D-4198-8FCA-B8E5D3F228ED>'
2020-03-11 14:17:55.968975-0700  localhost homed[74]: (HMFoundation) [com.apple.HomeKit:default] Completed transaction '<OS_os_transaction: com.apple.homed.hmdutil.encode-incoming-xpc.6AEBE247-E95D-4198-8FCA-B8E5D3F228ED>' - held for 0.000s
2020-03-11 14:17:55.969239-0700  localhost homed[74]: (HomeKitDaemon) [com.apple.HomeKit:Message.XPC.Connection] [67] Sending message: HMFMessage kAccessoryNameChangedNotificationKey(3F5BC948-0E4B-41E2-91CA-4901EDC2D36C)
2020-03-11 14:17:55.969510-0700  localhost homed[74]: (HomeKitDaemon) [com.apple.HomeKit:Message.XPC.Connection] [56] Sending message: HMFMessage kAccessoryNameChangedNotificationKey(3F5BC948-0E4B-41E2-91CA-4901EDC2D36C)
2020-03-11 14:17:55.969667-0700  localhost homed[74]: (HomeKitDaemon) [com.apple.HomeKit:Message.XPC.Connection] [28] Sending message: HMFMessage kAccessoryNameChangedNotificationKey(3F5BC948-0E4B-41E2-91CA-4901EDC2D36C)
2020-03-11 14:17:55.972197-0700  localhost homed[74]: (HomeKitDaemon) [com.apple.HomeKit:Message.XPC.Connection] [58] Sending message: HMFMessage kAccessoryNameChangedNotificationKey(3F5BC948-0E4B-41E2-91CA-4901EDC2D36C)
2020-03-11 14:17:55.973132-0700  localhost homed[74]: (HomeKitDaemon) [com.apple.HomeKit:Message.XPC.Connection] [28] Sending message: HMFMessage kAccessoryNameChangedNotificationKey(3F5BC948-0E4B-41E2-91CA-4901EDC2D36C)
2020-03-11 14:17:55.973308-0700  localhost homed[74]: (HomeKitDaemon) [com.apple.HomeKit:Message.XPC.Connection] [67] Sending message: HMFMessage kAccessoryNameChangedNotificationKey(3F5BC948-0E4B-41E2-91CA-4901EDC2D36C)
2020-03-11 14:17:55.973465-0700  localhost homed[74]: (HomeKitDaemon) [com.apple.HomeKit:Message.XPC.Connection] [58] Sending message: HMFMessage kAccessoryNameChangedNotificationKey(3F5BC948-0E4B-41E2-91CA-4901EDC2D36C)
2020-03-11 14:17:55.973605-0700  localhost homed[74]: (HomeKitDaemon) [com.apple.HomeKit:Message.XPC.Connection] [56] Sending message: HMFMessage kAccessoryNameChangedNotificationKey(3F5BC948-0E4B-41E2-91CA-4901EDC2D36C)
2020-03-11 14:17:55.973774-0700  localhost homed[74]: (HomeKitDaemon) [com.apple.HomeKit:Message.XPC.Transport] Sending message kAccessoryNameChangedNotificationKey(3F5BC948-0E4B-41E2-91CA-4901EDC2D36C) to 4DECCCA5-65D2-5A32-A8BC-2240A9CB7988 (8/8 clients) : 
{
    kAccessoryName = HomePod Prod,
}
2020-03-11 14:17:55.975524-0700  localhost homed[74]: (HomeKitDaemon) [com.apple.HomeKit:Message.XPC.Connection] [67] Sending message: HMFMessage kAccessoryCategoryChangedNotificationKey(2F49B6D4-76D1-4EB9-BB71-BC8F2F2321E8)
2020-03-11 14:17:55.976049-0700  localhost homed[74]: (HomeKitDaemon) [com.apple.HomeKit:Message.XPC.Connection] [56] Sending message: HMFMessage kAccessoryCategoryChangedNotificationKey(2F49B6D4-76D1-4EB9-BB71-BC8F2F2321E8)
2020-03-11 14:17:55.976186-0700  localhost homed[74]: (HomeKitDaemon) [com.apple.HomeKit:Message.XPC.Connection] [28] Sending message: HMFMessage kAccessoryCategoryChangedNotificationKey(2F49B6D4-76D1-4EB9-BB71-BC8F2F2321E8)
2020-03-11 14:17:55.976315-0700  localhost homed[74]: (HomeKitDaemon) [com.apple.HomeKit:Message.XPC.Connection] [58] Sending message: HMFMessage kAccessoryCategoryChangedNotificationKey(2F49B6D4-76D1-4EB9-BB71-BC8F2F2321E8)
2020-03-11 14:17:55.979049-0700  localhost homed[74]: (HMFoundation) [com.apple.HomeKit:default] Creating transaction '<OS_os_transaction: com.apple.homed.hmdutil.encode-incoming-xpc.9E2EB71F-EAA6-4E25-9643-50B7137DE4E0>'
2020-03-11 14:17:55.980054-0700  localhost homed[74]: (HMFoundation) [com.apple.HomeKit:default] Completed transaction '<OS_os_transaction: com.apple.homed.hmdutil.encode-incoming-xpc.9E2EB71F-EAA6-4E25-9643-50B7137DE4E0>' - held for 0.001s
2020-03-11 14:17:55.980161-0700  localhost homed[74]: (HomeKitDaemon) [com.apple.HomeKit:Message.XPC.Connection] [28] Sending message: HMFMessage kAccessoryCategoryChangedNotificationKey(2F49B6D4-76D1-4EB9-BB71-BC8F2F2321E8)
2020-03-11 14:17:55.980397-0700  localhost homed[74]: (HomeKitDaemon) [com.apple.HomeKit:Message.XPC.Connection] [67] Sending message: HMFMessage kAccessoryCategoryChangedNotificationKey(2F49B6D4-76D1-4EB9-BB71-BC8F2F2321E8)
2020-03-11 14:17:55.981481-0700  localhost homed[74]: (HomeKitDaemon) [com.apple.HomeKit:Message.XPC.Connection] [58] Sending message: HMFMessage kAccessoryCategoryChangedNotificationKey(2F49B6D4-76D1-4EB9-BB71-BC8F2F2321E8)
2020-03-11 14:17:55.981649-0700  localhost homed[74]: (HomeKitDaemon) [com.apple.HomeKit:Message.XPC.Connection] [56] Sending message: HMFMessage kAccessoryCategoryChangedNotificationKey(2F49B6D4-76D1-4EB9-BB71-BC8F2F2321E8)
2020-03-11 14:17:55.981829-0700  localhost homed[74]: (HomeKitDaemon) [com.apple.HomeKit:Message.XPC.Transport] Sending message kAccessoryCategoryChangedNotificationKey(2F49B6D4-76D1-4EB9-BB71-BC8F2F2321E8) to 4DECCCA5-65D2-5A32-A8BC-2240A9CB7988 (8/8 clients) : 
{
    kAccessoryCategory = <[385] {length = 8, bytes = 0x62706c6973743030} ... {length = 8, bytes = 0x0000000000000129}>,
}
2020-03-11 14:17:55.981912-0700  localhost homed[74]: (HomeKitDaemon) [com.apple.HomeKit:Message.XPC.Connection] [67] Sending message: HMFMessage kAccessoryNameChangedNotificationKey(1A40EEC3-FD18-417F-ADDA-3CFA664BE546)
2020-03-11 14:17:55.983232-0700  localhost homed[74]: (HomeKitDaemon) [com.apple.HomeKit:Message.XPC.Connection] [56] Sending message: HMFMessage kAccessoryNameChangedNotificationKey(1A40EEC3-FD18-417F-ADDA-3CFA664BE546)
2020-03-11 14:17:55.983610-0700  localhost homed[74]: (HomeKitDaemon) [com.apple.HomeKit:Message.XPC.Connection] [28] Sending message: HMFMessage kAccessoryNameChangedNotificationKey(1A40EEC3-FD18-417F-ADDA-3CFA664BE546)
2020-03-11 14:17:55.984063-0700  localhost homed[74]: (HomeKitDaemon) [com.apple.HomeKit:Message.XPC.Connection] [58] Sending message: HMFMessage kAccessoryNameChangedNotificationKey(1A40EEC3-FD18-417F-ADDA-3CFA664BE546)
2020-03-11 14:17:55.984257-0700  localhost homed[74]: (HomeKitDaemon) [com.apple.HomeKit:Message.XPC.Connection] [28] Sending message: HMFMessage kAccessoryNameChangedNotificationKey(1A40EEC3-FD18-417F-ADDA-3CFA664BE546)
2020-03-11 14:17:55.984401-0700  localhost homed[74]: (HomeKitDaemon) [com.apple.HomeKit:Message.XPC.Connection] [67] Sending message: HMFMessage kAccessoryNameChangedNotificationKey(1A40EEC3-FD18-417F-ADDA-3CFA664BE546)
2020-03-11 14:17:55.984522-0700  localhost homed[74]: (HomeKitDaemon) [com.apple.HomeKit:Message.XPC.Connection] [58] Sending message: HMFMessage kAccessoryNameChangedNotificationKey(1A40EEC3-FD18-417F-ADDA-3CFA664BE546)
2020-03-11 14:17:55.986099-0700  localhost homed[74]: (HMFoundation) [com.apple.HomeKit:default] Creating transaction '<OS_os_transaction: com.apple.homed.hmdutil.encode-incoming-xpc.058AD338-A2AD-4748-8E45-7A64C60FC242>'
2020-03-11 14:17:55.987257-0700  localhost homed[74]: (HMFoundation) [com.apple.HomeKit:default] Completed transaction '<OS_os_transaction: com.apple.homed.hmdutil.encode-incoming-xpc.058AD338-A2AD-4748-8E45-7A64C60FC242>' - held for 0.001s
2020-03-11 14:17:55.987428-0700  localhost homed[74]: (HomeKitDaemon) [com.apple.HomeKit:Message.XPC.Connection] [56] Sending message: HMFMessage kAccessoryNameChangedNotificationKey(1A40EEC3-FD18-417F-ADDA-3CFA664BE546)
2020-03-11 14:17:55.988487-0700  localhost homed[74]: (HomeKitDaemon) [com.apple.HomeKit:Message.XPC.Transport] Sending message kAccessoryNameChangedNotificationKey(1A40EEC3-FD18-417F-ADDA-3CFA664BE546) to 4DECCCA5-65D2-5A32-A8BC-2240A9CB7988 (8/8 clients) : 
{
    kAccessoryName = HomePod Prod,
}
2020-03-11 14:17:55.988709-0700  localhost homed[74]: (HomeKitDaemon) [com.apple.HomeKit:Message.XPC.Connection] [67] Sending message: HMFMessage kAccessoryCategoryChangedNotificationKey(C171DB32-4CEF-4E3C-98B9-758D416EF331)
2020-03-11 14:17:55.988883-0700  localhost homed[74]: (HomeKitDaemon) [com.apple.HomeKit:Message.XPC.Connection] [56] Sending message: HMFMessage kAccessoryCategoryChangedNotificationKey(C171DB32-4CEF-4E3C-98B9-758D416EF331)
2020-03-11 14:17:55.989930-0700  localhost homed[74]: (HomeKitDaemon) [com.apple.HomeKit:Message.XPC.Connection] [28] Sending message: HMFMessage kAccessoryCategoryChangedNotificationKey(C171DB32-4CEF-4E3C-98B9-758D416EF331)
2020-03-11 14:17:55.990104-0700  localhost homed[74]: (HomeKitDaemon) [com.apple.HomeKit:Message.XPC.Connection] [58] Sending message: HMFMessage kAccessoryCategoryChangedNotificationKey(C171DB32-4CEF-4E3C-98B9-758D416EF331)
2020-03-11 14:17:55.990245-0700  localhost homed[74]: (HomeKitDaemon) [com.apple.HomeKit:Message.XPC.Connection] [28] Sending message: HMFMessage kAccessoryCategoryChangedNotificationKey(C171DB32-4CEF-4E3C-98B9-758D416EF331)
2020-03-11 14:17:55.991491-0700  localhost homed[74]: (HomeKitDaemon) [com.apple.HomeKit:Message.XPC.Connection] [67] Sending message: HMFMessage kAccessoryCategoryChangedNotificationKey(C171DB32-4CEF-4E3C-98B9-758D416EF331)
2020-03-11 14:17:55.991644-0700  localhost homed[74]: (HomeKitDaemon) [com.apple.HomeKit:Message.XPC.Connection] [58] Sending message: HMFMessage kAccessoryCategoryChangedNotificationKey(C171DB32-4CEF-4E3C-98B9-758D416EF331)
2020-03-11 14:17:55.991759-0700  localhost homed[74]: (HomeKitDaemon) [com.apple.HomeKit:Message.XPC.Connection] [56] Sending message: HMFMessage kAccessoryCategoryChangedNotificationKey(C171DB32-4CEF-4E3C-98B9-758D416EF331)
2020-03-11 14:17:55.991920-0700  localhost homed[74]: (HomeKitDaemon) [com.apple.HomeKit:Message.XPC.Transport] Sending message kAccessoryCategoryChangedNotificationKey(C171DB32-4CEF-4E3C-98B9-758D416EF331) to 4DECCCA5-65D2-5A32-A8BC-2240A9CB7988 (8/8 clients) : 
{
    kAccessoryCategory = <[385] {length = 8, bytes = 0x62706c6973743030} ... {length = 8, bytes = 0x0000000000000129}>,
}
2020-03-11 14:17:55.991997-0700  localhost homed[74]: (HomeKitDaemon) [com.apple.HomeKit:Message.XPC.Connection] [67] Sending message: HMFMessage kAccessoryNameChangedNotificationKey(0C9BB169-8A05-43A4-996E-DBA01C8A5E49)
2020-03-11 14:17:55.992109-0700  localhost homed[74]: (HomeKitDaemon) [com.apple.HomeKit:Message.XPC.Connection] [56] Sending message: HMFMessage kAccessoryNameChangedNotificationKey(0C9BB169-8A05-43A4-996E-DBA01C8A5E49)
2020-03-11 14:17:55.992213-0700  localhost homed[74]: (HomeKitDaemon) [com.apple.HomeKit:Message.XPC.Connection] [28] Sending message: HMFMessage kAccessoryNameChangedNotificationKey(0C9BB169-8A05-43A4-996E-DBA01C8A5E49)
2020-03-11 14:17:55.994083-0700  localhost homed[74]: (HomeKitDaemon) [com.apple.HomeKit:Message.XPC.Connection] [58] Sending message: HMFMessage kAccessoryNameChangedNotificationKey(0C9BB169-8A05-43A4-996E-DBA01C8A5E49)
2020-03-11 14:17:55.994199-0700  localhost homed[74]: (HomeKitDaemon) [com.apple.HomeKit:Message.XPC.Connection] [28] Sending message: HMFMessage kAccessoryNameChangedNotificationKey(0C9BB169-8A05-43A4-996E-DBA01C8A5E49)
2020-03-11 14:17:55.994307-0700  localhost homed[74]: (HomeKitDaemon) [com.apple.HomeKit:Message.XPC.Connection] [67] Sending message: HMFMessage kAccessoryNameChangedNotificationKey(0C9BB169-8A05-43A4-996E-DBA01C8A5E49)
2020-03-11 14:17:55.994417-0700  localhost homed[74]: (HomeKitDaemon) [com.apple.HomeKit:Message.XPC.Connection] [58] Sending message: HMFMessage kAccessoryNameChangedNotificationKey(0C9BB169-8A05-43A4-996E-DBA01C8A5E49)
2020-03-11 14:17:55.994518-0700  localhost homed[74]: (HomeKitDaemon) [com.apple.HomeKit:Message.XPC.Connection] [56] Sending message: HMFMessage kAccessoryNameChangedNotificationKey(0C9BB169-8A05-43A4-996E-DBA01C8A5E49)
2020-03-11 14:17:55.994632-0700  localhost homed[74]: (HomeKitDaemon) [com.apple.HomeKit:Message.XPC.Transport] Sending message kAccessoryNameChangedNotificationKey(0C9BB169-8A05-43A4-996E-DBA01C8A5E49) to 4DECCCA5-65D2-5A32-A8BC-2240A9CB7988 (8/8 clients) : 
{
    kAccessoryName = HomePod Prod,
}
2020-03-11 14:17:56.003490-0700  localhost homed[74]: (HomeKitDaemon) [com.apple.HomeKit:Message.XPC.Connection] [67] Sending message: HMFMessage kAccessoryNameChangedNotificationKey(040850CE-076C-4233-95FA-F2B99C2C34C5)
2020-03-11 14:17:56.003757-0700  localhost homed[74]: (HomeKitDaemon) [com.apple.HomeKit:Message.XPC.Connection] [56] Sending message: HMFMessage kAccessoryNameChangedNotificationKey(040850CE-076C-4233-95FA-F2B99C2C34C5)
2020-03-11 14:17:56.004919-0700  localhost homed[74]: (HomeKitDaemon) [com.apple.HomeKit:Message.XPC.Connection] [28] Sending message: HMFMessage kAccessoryNameChangedNotificationKey(040850CE-076C-4233-95FA-F2B99C2C34C5)
2020-03-11 14:17:56.005851-0700  localhost homed[74]: (HomeKitDaemon) [com.apple.HomeKit:Message.XPC.Connection] [58] Sending message: HMFMessage kAccessoryNameChangedNotificationKey(040850CE-076C-4233-95FA-F2B99C2C34C5)
2020-03-11 14:17:56.006303-0700  localhost homed[74]: (HomeKitDaemon) [com.apple.HomeKit:Message.XPC.Connection] [28] Sending message: HMFMessage kAccessoryNameChangedNotificationKey(040850CE-076C-4233-95FA-F2B99C2C34C5)
2020-03-11 14:17:56.006413-0700  localhost homed[74]: (HomeKitDaemon) [com.apple.HomeKit:Message.XPC.Connection] [67] Sending message: HMFMessage kAccessoryNameChangedNotificationKey(040850CE-076C-4233-95FA-F2B99C2C34C5)
2020-03-11 14:17:56.006526-0700  localhost homed[74]: (HomeKitDaemon) [com.apple.HomeKit:Message.XPC.Connection] [58] Sending message: HMFMessage kAccessoryNameChangedNotificationKey(040850CE-076C-4233-95FA-F2B99C2C34C5)
2020-03-11 14:17:56.006631-0700  localhost homed[74]: (HomeKitDaemon) [com.apple.HomeKit:Message.XPC.Connection] [56] Sending message: HMFMessage kAccessoryNameChangedNotificationKey(040850CE-076C-4233-95FA-F2B99C2C34C5)
2020-03-11 14:17:56.006764-0700  localhost homed[74]: (HomeKitDaemon) [com.apple.HomeKit:Message.XPC.Transport] Sending message kAccessoryNameChangedNotificationKey(040850CE-076C-4233-95FA-F2B99C2C34C5) to 4DECCCA5-65D2-5A32-A8BC-2240A9CB7988 (8/8 clients) : 
{
    kAccessoryName = HomePod Prod,
}
2020-03-11 14:17:56.008459-0700  localhost homed[74]: (HomeKitDaemon) [com.apple.HomeKit:Message.XPC.Connection] [67] Sending message: HMFMessage kAccessoryCategoryChangedNotificationKey(45A95BFA-EDE7-493F-9BD2-EDBA8848CE01)
2020-03-11 14:17:56.008638-0700  localhost homed[74]: (HomeKitDaemon) [com.apple.HomeKit:Message.XPC.Connection] [56] Sending message: HMFMessage kAccessoryCategoryChangedNotificationKey(45A95BFA-EDE7-493F-9BD2-EDBA8848CE01)
2020-03-11 14:17:56.008778-0700  localhost homed[74]: (HomeKitDaemon) [com.apple.HomeKit:Message.XPC.Connection] [28] Sending message: HMFMessage kAccessoryCategoryChangedNotificationKey(45A95BFA-EDE7-493F-9BD2-EDBA8848CE01)
2020-03-11 14:17:56.010953-0700  localhost homed[74]: (HomeKitDaemon) [com.apple.HomeKit:Message.XPC.Connection] [58] Sending message: HMFMessage kAccessoryCategoryChangedNotificationKey(45A95BFA-EDE7-493F-9BD2-EDBA8848CE01)
2020-03-11 14:17:56.011133-0700  localhost homed[74]: (HomeKitDaemon) [com.apple.HomeKit:Message.XPC.Connection] [28] Sending message: HMFMessage kAccessoryCategoryChangedNotificationKey(45A95BFA-EDE7-493F-9BD2-EDBA8848CE01)
2020-03-11 14:17:56.012130-0700  localhost homed[74]: (HomeKitDaemon) [com.apple.HomeKit:Message.XPC.Connection] [67] Sending message: HMFMessage kAccessoryCategoryChangedNotificationKey(45A95BFA-EDE7-493F-9BD2-EDBA8848CE01)
2020-03-11 14:17:56.012312-0700  localhost homed[74]: (HomeKitDaemon) [com.apple.HomeKit:Message.XPC.Connection] [58] Sending message: HMFMessage kAccessoryCategoryChangedNotificationKey(45A95BFA-EDE7-493F-9BD2-EDBA8848CE01)
2020-03-11 14:17:56.012424-0700  localhost homed[74]: (HomeKitDaemon) [com.apple.HomeKit:Message.XPC.Connection] [56] Sending message: HMFMessage kAccessoryCategoryChangedNotificationKey(45A95BFA-EDE7-493F-9BD2-EDBA8848CE01)
2020-03-11 14:17:56.012590-0700  localhost homed[74]: (HomeKitDaemon) [com.apple.HomeKit:Message.XPC.Transport] Sending message kAccessoryCategoryChangedNotificationKey(45A95BFA-EDE7-493F-9BD2-EDBA8848CE01) to 4DECCCA5-65D2-5A32-A8BC-2240A9CB7988 (8/8 clients) : 
{
    kAccessoryCategory = <[385] {length = 8, bytes = 0x62706c6973743030} ... {length = 8, bytes = 0x0000000000000129}>,
}
2020-03-11 14:17:56.012669-0700  localhost homed[74]: (HomeKitDaemon) [com.apple.HomeKit:Message.XPC.Connection] [67] Sending message: HMFMessage kAccessoryCategoryChangedNotificationKey(616C6C17-0396-44CE-96DD-ECA309C07AC0)
2020-03-11 14:17:56.012783-0700  localhost homed[74]: (HomeKitDaemon) [com.apple.HomeKit:Message.XPC.Connection] [56] Sending message: HMFMessage kAccessoryCategoryChangedNotificationKey(616C6C17-0396-44CE-96DD-ECA309C07AC0)
2020-03-11 14:17:56.012889-0700  localhost homed[74]: (HomeKitDaemon) [com.apple.HomeKit:Message.XPC.Connection] [28] Sending message: HMFMessage kAccessoryCategoryChangedNotificationKey(616C6C17-0396-44CE-96DD-ECA309C07AC0)
2020-03-11 14:17:56.013002-0700  localhost homed[74]: (HomeKitDaemon) [com.apple.HomeKit:Message.XPC.Connection] [58] Sending message: HMFMessage kAccessoryCategoryChangedNotificationKey(616C6C17-0396-44CE-96DD-ECA309C07AC0)
2020-03-11 14:17:56.013113-0700  localhost homed[74]: (HomeKitDaemon) [com.apple.HomeKit:Message.XPC.Connection] [28] Sending message: HMFMessage kAccessoryCategoryChangedNotificationKey(616C6C17-0396-44CE-96DD-ECA309C07AC0)
2020-03-11 14:17:56.013218-0700  localhost homed[74]: (HomeKitDaemon) [com.apple.HomeKit:Message.XPC.Connection] [67] Sending message: HMFMessage kAccessoryCategoryChangedNotificationKey(616C6C17-0396-44CE-96DD-ECA309C07AC0)
2020-03-11 14:17:56.013321-0700  localhost homed[74]: (HomeKitDaemon) [com.apple.HomeKit:Message.XPC.Connection] [58] Sending message: HMFMessage kAccessoryCategoryChangedNotificationKey(616C6C17-0396-44CE-96DD-ECA309C07AC0)
2020-03-11 14:17:56.013423-0700  localhost homed[74]: (HomeKitDaemon) [com.apple.HomeKit:Message.XPC.Connection] [56] Sending message: HMFMessage kAccessoryCategoryChangedNotificationKey(616C6C17-0396-44CE-96DD-ECA309C07AC0)

