2020-03-11 14:16:06.722881-0700  localhost homed[35]: (HomeKitDaemon) [com.apple.HomeKit:default] Submitted log event <HMDRemoteMessageLogEvent>
2020-03-11 14:16:06.723299-0700  localhost homed[35]: (HomeKitDaemon) [com.apple.HomeKit:default] [AWD] MessageTransported -- message kPingInternalRequestKey sent over HomeKitMessageTransportType_LoXY as HomeKitMessageType_Request
2020-03-11 14:16:06.730271-0700  localhost homed[35]: (HomeKitDaemon) [com.apple.HomeKit:RemoteMessaging.HTTP] [2FA0F062-1BDC-5736-98B9-15658AD2A09F] Unable to send message to destination: <HMDHTTPDevice, Identifier = 46D93B67-15BC-58CA-978E-851C92C88358>
2020-03-11 14:16:06.730449-0700  localhost homed[35]: (HomeKitDaemon) [com.apple.HomeKit:RemoteMessaging.HTTP] [2FA0F062-1BDC-5736-98B9-15658AD2A09F] Failed to send message, 538797F8-19EB-4C9C-9B01-68DC51F34AF1, with error: Error Domain=HMErrorDomain Code=54 "Communication error." UserInfo={NSLocalizedDescription=Communication error., NSLocalizedFailureReason=No valid connection for destination}
2020-03-11 14:16:06.732108-0700  localhost homed[35]: (HomeKitDaemon) [com.apple.HomeKit:RemoteMessaging.DeviceMonitor] Sending ping (15658AD2A09F) to device: HMDDevice 46D93B67-15BC-58CA-978E-851C92C88358
2020-03-11 14:16:06.735516-0700  localhost homed[35]: (HomeKitDaemon) [com.apple.HomeKit:RemoteMessaging.DeviceMonitor] Starting ping operation: <HMDIDSSendMessageOperation, Message: HMDRemoteMessage kPingInternalRequestKey(CC5F2DB1-0B0A-44C2-965E-4DC92FB6E193)>
2020-03-11 14:16:06.736482-0700  localhost homed[35]: (HMFoundation) [com.apple.HomeKit:Messaging.Remote.IDS.SendOperation] [CC5F2DB1-0B0A-44C2-965E-4DC92FB6E193] Starting operation
2020-03-11 14:16:06.736889-0700  localhost homed[35]: (HomeKitDaemon) [com.apple.HomeKit:Messaging.Remote.IDS.SendOperation] [CC5F2DB1-0B0A-44C2-965E-4DC92FB6E193] Starting
2020-03-11 14:16:06.741272-0700  localhost homed[35]: (HomeKitDaemon) [com.apple.HomeKit:Messaging.Remote.IDS.SendOperation] [CC5F2DB1-0B0A-44C2-965E-4DC92FB6E193] Sent message with identifier: 8284B749-04F4-419D-89CF-F539C8F9A57C
2020-03-11 14:16:06.891383-0700  localhost homed[35]: (HomeKitDaemon) [com.apple.HomeKit:Messaging.Remote.IDS.SendOperation] [CC5F2DB1-0B0A-44C2-965E-4DC92FB6E193] Successfully sent message
2020-03-11 14:16:06.891438-0700  localhost homed[35]: (HMFoundation) [com.apple.HomeKit:Messaging.Remote.IDS.SendOperation] [CC5F2DB1-0B0A-44C2-965E-4DC92FB6E193] Finishing operation
2020-03-11 14:17:07.278784-0700  localhost homed[35]: (HomeKitDaemon) [com.apple.HomeKit:RemoteMessaging.HTTP] [2FA0F062-1BDC-5736-98B9-15658AD2A09F] Unable to send message to destination: <HMDHTTPDevice, Identifier = 46D93B67-15BC-58CA-978E-851C92C88358>
2020-03-11 14:17:07.278938-0700  localhost homed[35]: (HomeKitDaemon) [com.apple.HomeKit:RemoteMessaging.HTTP] [2FA0F062-1BDC-5736-98B9-15658AD2A09F] Failed to send message, FFA30212-F8BE-4A82-8A94-71753B35963E, with error: Error Domain=HMErrorDomain Code=54 "Communication error." UserInfo={NSLocalizedDescription=Communication error., NSLocalizedFailureReason=No valid connection for destination}
2020-03-11 14:17:07.279076-0700  localhost homed[35]: (HomeKitDaemon) [com.apple.HomeKit:default] Submitted log event <HMDRemoteMessageLogEvent>
2020-03-11 14:17:07.279223-0700  localhost homed[35]: (HomeKitDaemon) [com.apple.HomeKit:default] [AWD] MessageTransported -- message kPingInternalRequestKey sent over HomeKitMessageTransportType_LoXY as HomeKitMessageType_Request
2020-03-11 14:17:07.283566-0700  localhost homed[35]: (HomeKitDaemon) [com.apple.HomeKit:RemoteMessaging.DeviceMonitor] Sending ping (15658AD2A09A) to device: HMDDevice 46D93B67-15BC-58CA-978E-851C92C88358
2020-03-11 14:17:07.286078-0700  localhost homed[35]: (HomeKitDaemon) [com.apple.HomeKit:RemoteMessaging.DeviceMonitor] Starting ping operation: <HMDIDSSendMessageOperation, Message: HMDRemoteMessage kPingInternalRequestKey(201847B1-640C-456F-AB50-57DEBF356D8C)>
2020-03-11 14:17:07.286545-0700  localhost homed[35]: (HMFoundation) [com.apple.HomeKit:Messaging.Remote.IDS.SendOperation] [201847B1-640C-456F-AB50-57DEBF356D8C] Starting operation
2020-03-11 14:17:07.287193-0700  localhost homed[35]: (HomeKitDaemon) [com.apple.HomeKit:Messaging.Remote.IDS.SendOperation] [201847B1-640C-456F-AB50-57DEBF356D8C] Starting
2020-03-11 14:17:07.293653-0700  localhost homed[35]: (HomeKitDaemon) [com.apple.HomeKit:Messaging.Remote.IDS.SendOperation] [201847B1-640C-456F-AB50-57DEBF356D8C] Sent message with identifier: 97C963B6-17F0-4718-9EEF-DEC2CB4641FA
2020-03-11 14:17:07.449720-0700  localhost homed[35]: (HomeKitDaemon) [com.apple.HomeKit:Messaging.Remote.IDS.SendOperation] [201847B1-640C-456F-AB50-57DEBF356D8C] Successfully sent message
2020-03-11 14:17:07.449784-0700  localhost homed[35]: (HMFoundation) [com.apple.HomeKit:Messaging.Remote.IDS.SendOperation] [201847B1-640C-456F-AB50-57DEBF356D8C] Finishing operation
2020-03-11 14:18:07.657003-0700  localhost homed[35]: (HomeKitDaemon) [com.apple.HomeKit:default] Submitted log event <HMDRemoteMessageLogEvent>
2020-03-11 14:18:07.657105-0700  localhost homed[35]: (HomeKitDaemon) [com.apple.HomeKit:RemoteMessaging.HTTP] [2FA0F062-1BDC-5736-98B9-15658AD2A09F] Unable to send message to destination: <HMDHTTPDevice, Identifier = 46D93B67-15BC-58CA-978E-851C92C88358>
2020-03-11 14:18:07.657272-0700  localhost homed[35]: (HomeKitDaemon) [com.apple.HomeKit:RemoteMessaging.HTTP] [2FA0F062-1BDC-5736-98B9-15658AD2A09F] Failed to send message, D103287C-1982-4E28-A957-672BA82DCA90, with error: Error Domain=HMErrorDomain Code=54 "Communication error." UserInfo={NSLocalizedDescription=Communication error., NSLocalizedFailureReason=No valid connection for destination}
2020-03-11 14:18:07.658404-0700  localhost homed[35]: (HomeKitDaemon) [com.apple.HomeKit:RemoteMessaging.DeviceMonitor] Sending ping (15658AD2A09F) to device: HMDDevice 46D93B67-15BC-58CA-978E-851C92C88358
2020-03-11 14:18:07.659350-0700  localhost homed[35]: (HomeKitDaemon) [com.apple.HomeKit:default] [AWD] MessageTransported -- message kPingInternalRequestKey sent over HomeKitMessageTransportType_LoXY as HomeKitMessageType_Request
2020-03-11 14:18:07.660482-0700  localhost homed[35]: (HomeKitDaemon) [com.apple.HomeKit:RemoteMessaging.DeviceMonitor] Starting ping operation: <HMDIDSSendMessageOperation, Message: HMDRemoteMessage kPingInternalRequestKey(6B73154B-40A8-4F52-B03A-D0F5E354FA51)>
2020-03-11 14:18:07.660736-0700  localhost homed[35]: (HMFoundation) [com.apple.HomeKit:Messaging.Remote.IDS.SendOperation] [6B73154B-40A8-4F52-B03A-D0F5E354FA51] Starting operation
2020-03-11 14:18:07.661068-0700  localhost homed[35]: (HomeKitDaemon) [com.apple.HomeKit:Messaging.Remote.IDS.SendOperation] [6B73154B-40A8-4F52-B03A-D0F5E354FA51] Starting
2020-03-11 14:18:07.668723-0700  localhost homed[35]: (HomeKitDaemon) [com.apple.HomeKit:Messaging.Remote.IDS.SendOperation] [6B73154B-40A8-4F52-B03A-D0F5E354FA51] Sent message with identifier: DFDB33E9-C1A0-4EB6-B597-491715487AD9
2020-03-11 14:18:08.483860-0700  localhost homed[35]: (HomeKitDaemon) [com.apple.HomeKit:Messaging.Remote.IDS.SendOperation] [6B73154B-40A8-4F52-B03A-D0F5E354FA51] Successfully sent message
2020-03-11 14:18:09.929359-0700  localhost homed[35]: (HomeKitDaemon) [com.apple.HomeKit:Accounts.AppleAccountManager] Received notification that devices changed on the current account
2020-03-11 14:18:20.863939-0700  localhost homed[35]: (HomeKitDaemon) [com.apple.HomeKit:Accounts.AppleAccountManager] Received notification that devices changed on the current account
2020-03-11 14:18:23.881398-0700  localhost homed[35]: (HMFoundation) [com.apple.HomeKit:default] Creating transaction '<OS_os_transaction: os-state-hmgrA1D14312-FDC3-4D2D-9247-6F0A6B1B24F2>'
